<?xml version="1.0" encoding="UTF-8"?>
<testng-results skipped="0" failed="1" ignored="0" total="11" passed="10">
  <reporter-output>
  </reporter-output>
  <suite name="Default suite" duration-ms="88407" started-at="2022-03-02T13:51:39Z" finished-at="2022-03-02T13:53:07Z">
    <groups>
    </groups>
    <test name="Default test" duration-ms="88407" started-at="2022-03-02T13:51:39Z" finished-at="2022-03-02T13:53:07Z">
      <class name="testcases.ExecuteExceedFramwork">
        <test-method status="PASS" signature="setUp()[pri:0, instance:testcases.ExecuteExceedFramwork@3590fc5b]" name="setUp" is-config="true" duration-ms="3748" started-at="2022-03-02T13:51:39Z" finished-at="2022-03-02T13:51:43Z">
          <reporter-output>
          </reporter-output>
        </test-method> <!-- setUp -->
        <test-method status="PASS" signature="exceedTest(java.lang.String, java.lang.String, java.lang.String, java.lang.String, java.lang.String, java.lang.String)[pri:0, instance:testcases.ExecuteExceedFramwork@3590fc5b]" name="exceedTest" duration-ms="62" started-at="2022-03-02T13:51:43Z" data-provider="hybridData" finished-at="2022-03-02T13:51:43Z">
          <params>
            <param index="0">
              <value>
                <![CDATA[LoginPage]]>
              </value>
            </param>
            <param index="1">
              <value>
                <![CDATA[]]>
              </value>
            </param>
            <param index="2">
              <value>
                <![CDATA[]]>
              </value>
            </param>
            <param index="3">
              <value>
                <![CDATA[]]>
              </value>
            </param>
            <param index="4">
              <value>
                <![CDATA[]]>
              </value>
            </param>
            <param index="5">
              <value is-null="true"/>
            </param>
          </params>
          <reporter-output>
          </reporter-output>
        </test-method> <!-- exceedTest -->
        <test-method status="PASS" signature="exceedTest(java.lang.String, java.lang.String, java.lang.String, java.lang.String, java.lang.String, java.lang.String)[pri:0, instance:testcases.ExecuteExceedFramwork@3590fc5b]" name="exceedTest" duration-ms="4438" started-at="2022-03-02T13:51:43Z" data-provider="hybridData" finished-at="2022-03-02T13:51:48Z">
          <params>
            <param index="0">
              <value>
                <![CDATA[]]>
              </value>
            </param>
            <param index="1">
              <value>
                <![CDATA[GOTOURL]]>
              </value>
            </param>
            <param index="2">
              <value>
                <![CDATA[]]>
              </value>
            </param>
            <param index="3">
              <value>
                <![CDATA[]]>
              </value>
            </param>
            <param index="4">
              <value>
                <![CDATA[http://digitalconsumer.centralindia.cloudapp.azure.com:8444/ConsumerRetailBanking/]]>
              </value>
            </param>
            <param index="5">
              <value is-null="true"/>
            </param>
          </params>
          <reporter-output>
          </reporter-output>
        </test-method> <!-- exceedTest -->
        <test-method status="PASS" signature="exceedTest(java.lang.String, java.lang.String, java.lang.String, java.lang.String, java.lang.String, java.lang.String)[pri:0, instance:testcases.ExecuteExceedFramwork@3590fc5b]" name="exceedTest" duration-ms="2012" started-at="2022-03-02T13:51:48Z" data-provider="hybridData" finished-at="2022-03-02T13:51:50Z">
          <params>
            <param index="0">
              <value>
                <![CDATA[]]>
              </value>
            </param>
            <param index="1">
              <value>
                <![CDATA[WAIT]]>
              </value>
            </param>
            <param index="2">
              <value>
                <![CDATA[]]>
              </value>
            </param>
            <param index="3">
              <value>
                <![CDATA[]]>
              </value>
            </param>
            <param index="4">
              <value>
                <![CDATA[]]>
              </value>
            </param>
            <param index="5">
              <value is-null="true"/>
            </param>
          </params>
          <reporter-output>
          </reporter-output>
        </test-method> <!-- exceedTest -->
        <test-method status="PASS" signature="exceedTest(java.lang.String, java.lang.String, java.lang.String, java.lang.String, java.lang.String, java.lang.String)[pri:0, instance:testcases.ExecuteExceedFramwork@3590fc5b]" name="exceedTest" duration-ms="2010" started-at="2022-03-02T13:51:50Z" data-provider="hybridData" finished-at="2022-03-02T13:51:52Z">
          <params>
            <param index="0">
              <value>
                <![CDATA[]]>
              </value>
            </param>
            <param index="1">
              <value>
                <![CDATA[WAIT]]>
              </value>
            </param>
            <param index="2">
              <value>
                <![CDATA[]]>
              </value>
            </param>
            <param index="3">
              <value>
                <![CDATA[]]>
              </value>
            </param>
            <param index="4">
              <value>
                <![CDATA[]]>
              </value>
            </param>
            <param index="5">
              <value is-null="true"/>
            </param>
          </params>
          <reporter-output>
          </reporter-output>
        </test-method> <!-- exceedTest -->
        <test-method status="PASS" signature="exceedTest(java.lang.String, java.lang.String, java.lang.String, java.lang.String, java.lang.String, java.lang.String)[pri:0, instance:testcases.ExecuteExceedFramwork@3590fc5b]" name="exceedTest" duration-ms="138" started-at="2022-03-02T13:51:52Z" data-provider="hybridData" finished-at="2022-03-02T13:51:52Z">
          <params>
            <param index="0">
              <value>
                <![CDATA[]]>
              </value>
            </param>
            <param index="1">
              <value>
                <![CDATA[SENDKEYS]]>
              </value>
            </param>
            <param index="2">
              <value>
                <![CDATA[Username]]>
              </value>
            </param>
            <param index="3">
              <value>
                <![CDATA[id]]>
              </value>
            </param>
            <param index="4">
              <value>
                <![CDATA[param]]>
              </value>
            </param>
            <param index="5">
              <value is-null="true"/>
            </param>
          </params>
          <reporter-output>
          </reporter-output>
        </test-method> <!-- exceedTest -->
        <test-method status="PASS" signature="exceedTest(java.lang.String, java.lang.String, java.lang.String, java.lang.String, java.lang.String, java.lang.String)[pri:0, instance:testcases.ExecuteExceedFramwork@3590fc5b]" name="exceedTest" duration-ms="153" started-at="2022-03-02T13:51:52Z" data-provider="hybridData" finished-at="2022-03-02T13:51:52Z">
          <params>
            <param index="0">
              <value>
                <![CDATA[]]>
              </value>
            </param>
            <param index="1">
              <value>
                <![CDATA[SENDNUMBER]]>
              </value>
            </param>
            <param index="2">
              <value>
                <![CDATA[Password]]>
              </value>
            </param>
            <param index="3">
              <value>
                <![CDATA[id]]>
              </value>
            </param>
            <param index="4">
              <value>
                <![CDATA[654321.0]]>
              </value>
            </param>
            <param index="5">
              <value is-null="true"/>
            </param>
          </params>
          <reporter-output>
          </reporter-output>
        </test-method> <!-- exceedTest -->
        <test-method status="PASS" signature="exceedTest(java.lang.String, java.lang.String, java.lang.String, java.lang.String, java.lang.String, java.lang.String)[pri:0, instance:testcases.ExecuteExceedFramwork@3590fc5b]" name="exceedTest" duration-ms="73" started-at="2022-03-02T13:51:52Z" data-provider="hybridData" finished-at="2022-03-02T13:51:52Z">
          <params>
            <param index="0">
              <value>
                <![CDATA[]]>
              </value>
            </param>
            <param index="1">
              <value>
                <![CDATA[CLICK]]>
              </value>
            </param>
            <param index="2">
              <value>
                <![CDATA[Loginbtn]]>
              </value>
            </param>
            <param index="3">
              <value>
                <![CDATA[id]]>
              </value>
            </param>
            <param index="4">
              <value>
                <![CDATA[]]>
              </value>
            </param>
            <param index="5">
              <value is-null="true"/>
            </param>
          </params>
          <reporter-output>
          </reporter-output>
        </test-method> <!-- exceedTest -->
        <test-method status="FAIL" signature="exceedTest(java.lang.String, java.lang.String, java.lang.String, java.lang.String, java.lang.String, java.lang.String)[pri:0, instance:testcases.ExecuteExceedFramwork@3590fc5b]" name="exceedTest" duration-ms="1306" started-at="2022-03-02T13:51:52Z" data-provider="hybridData" finished-at="2022-03-02T13:51:53Z">
          <params>
            <param index="0">
              <value>
                <![CDATA[]]>
              </value>
            </param>
            <param index="1">
              <value>
                <![CDATA[GETTEXTVERIFY]]>
              </value>
            </param>
            <param index="2">
              <value>
                <![CDATA[VerifyUsername]]>
              </value>
            </param>
            <param index="3">
              <value>
                <![CDATA[id]]>
              </value>
            </param>
            <param index="4">
              <value>
                <![CDATA[Parameshwarappa M R]]>
              </value>
            </param>
            <param index="5">
              <value is-null="true"/>
            </param>
          </params>
          <exception class="java.lang.AssertionError">
            <message>
              <![CDATA[expected [Parameshwarappa M R] but found []]]>
            </message>
            <full-stacktrace>
              <![CDATA[java.lang.AssertionError: expected [Parameshwarappa M R] but found []
at org.testng.Assert.fail(Assert.java:96)
at org.testng.Assert.failNotEquals(Assert.java:776)
at org.testng.Assert.assertEqualsImpl(Assert.java:137)
at org.testng.Assert.assertEquals(Assert.java:118)
at org.testng.Assert.assertEquals(Assert.java:453)
at org.testng.Assert.assertEquals(Assert.java:463)
at operations.Uioperations.perform(Uioperations.java:278)
at testcases.ExecuteExceedFramwork.exceedTest(ExecuteExceedFramwork.java:212)
at sun.reflect.NativeMethodAccessorImpl.invoke0(Native Method)
at sun.reflect.NativeMethodAccessorImpl.invoke(Unknown Source)
at sun.reflect.DelegatingMethodAccessorImpl.invoke(Unknown Source)
at java.lang.reflect.Method.invoke(Unknown Source)
at org.testng.internal.MethodInvocationHelper.invokeMethod(MethodInvocationHelper.java:124)
at org.testng.internal.Invoker.invokeMethod(Invoker.java:583)
at org.testng.internal.Invoker.invokeTestMethod(Invoker.java:719)
at org.testng.internal.Invoker.invokeTestMethods(Invoker.java:989)
at org.testng.internal.TestMethodWorker.invokeTestMethods(TestMethodWorker.java:125)
at org.testng.internal.TestMethodWorker.run(TestMethodWorker.java:109)
at org.testng.TestRunner.privateRun(TestRunner.java:648)
at org.testng.TestRunner.run(TestRunner.java:505)
at org.testng.SuiteRunner.runTest(SuiteRunner.java:455)
at org.testng.SuiteRunner.runSequentially(SuiteRunner.java:450)
at org.testng.SuiteRunner.privateRun(SuiteRunner.java:415)
at org.testng.SuiteRunner.run(SuiteRunner.java:364)
at org.testng.SuiteRunnerWorker.runSuite(SuiteRunnerWorker.java:52)
at org.testng.SuiteRunnerWorker.run(SuiteRunnerWorker.java:84)
at org.testng.TestNG.runSuitesSequentially(TestNG.java:1208)
at org.testng.TestNG.runSuitesLocally(TestNG.java:1137)
at org.testng.TestNG.runSuites(TestNG.java:1049)
at org.testng.TestNG.run(TestNG.java:1017)
at org.testng.remote.AbstractRemoteTestNG.run(AbstractRemoteTestNG.java:114)
at org.testng.remote.RemoteTestNG.initAndRun(RemoteTestNG.java:251)
at org.testng.remote.RemoteTestNG.main(RemoteTestNG.java:77)
]]>
            </full-stacktrace>
          </exception> <!-- java.lang.AssertionError -->
          <reporter-output>
          </reporter-output>
        </test-method> <!-- exceedTest -->
        <test-method status="PASS" signature="exceedTest(java.lang.String, java.lang.String, java.lang.String, java.lang.String, java.lang.String, java.lang.String)[pri:0, instance:testcases.ExecuteExceedFramwork@3590fc5b]" name="exceedTest" duration-ms="2006" started-at="2022-03-02T13:51:53Z" data-provider="hybridData" finished-at="2022-03-02T13:51:55Z">
          <params>
            <param index="0">
              <value>
                <![CDATA[]]>
              </value>
            </param>
            <param index="1">
              <value>
                <![CDATA[WAIT]]>
              </value>
            </param>
            <param index="2">
              <value>
                <![CDATA[]]>
              </value>
            </param>
            <param index="3">
              <value>
                <![CDATA[]]>
              </value>
            </param>
            <param index="4">
              <value>
                <![CDATA[]]>
              </value>
            </param>
            <param index="5">
              <value is-null="true"/>
            </param>
          </params>
          <reporter-output>
          </reporter-output>
        </test-method> <!-- exceedTest -->
        <test-method status="PASS" signature="exceedTest(java.lang.String, java.lang.String, java.lang.String, java.lang.String, java.lang.String, java.lang.String)[pri:0, instance:testcases.ExecuteExceedFramwork@3590fc5b]" name="exceedTest" duration-ms="71529" started-at="2022-03-02T13:51:56Z" data-provider="hybridData" finished-at="2022-03-02T13:53:07Z">
          <params>
            <param index="0">
              <value>
                <![CDATA[]]>
              </value>
            </param>
            <param index="1">
              <value>
                <![CDATA[TAKESCREENSHOT]]>
              </value>
            </param>
            <param index="2">
              <value>
                <![CDATA[]]>
              </value>
            </param>
            <param index="3">
              <value>
                <![CDATA[]]>
              </value>
            </param>
            <param index="4">
              <value>
                <![CDATA[]]>
              </value>
            </param>
            <param index="5">
              <value is-null="true"/>
            </param>
          </params>
          <reporter-output>
          </reporter-output>
        </test-method> <!-- exceedTest -->
        <test-method status="PASS" signature="exceedTest(java.lang.String, java.lang.String, java.lang.String, java.lang.String, java.lang.String, java.lang.String)[pri:0, instance:testcases.ExecuteExceedFramwork@3590fc5b]" name="exceedTest" duration-ms="3" started-at="2022-03-02T13:53:07Z" data-provider="hybridData" finished-at="2022-03-02T13:53:07Z">
          <params>
            <param index="0">
              <value>
                <![CDATA[]]>
              </value>
            </param>
            <param index="1">
              <value>
                <![CDATA[]]>
              </value>
            </param>
            <param index="2">
              <value>
                <![CDATA[]]>
              </value>
            </param>
            <param index="3">
              <value>
                <![CDATA[]]>
              </value>
            </param>
            <param index="4">
              <value>
                <![CDATA[]]>
              </value>
            </param>
            <param index="5">
              <value is-null="true"/>
            </param>
          </params>
          <reporter-output>
          </reporter-output>
        </test-method> <!-- exceedTest -->
      </class> <!-- testcases.ExecuteExceedFramwork -->
    </test> <!-- Default test -->
  </suite> <!-- Default suite -->
</testng-results>
