<?xml version="1.0" encoding="UTF-8"?>
<!-- Generated by org.testng.reporters.JUnitReportReporter -->
<testsuite hostname="IXED-LAP00425" failures="1" tests="11" name="testcases.ExecuteExceedFramwork" time="86.106" errors="0" timestamp="2022-03-04T13:44:15 IST" skipped="0">
  <testcase classname="testcases.ExecuteExceedFramwork" name="exceedTest" time="0.078"/>
  <system-out/>
  <testcase classname="testcases.ExecuteExceedFramwork" name="exceedTest" time="2.014"/>
  <system-out/>
  <testcase classname="testcases.ExecuteExceedFramwork" name="exceedTest" time="0.084"/>
  <system-out/>
  <testcase classname="testcases.ExecuteExceedFramwork" name="exceedTest" time="0.006"/>
  <system-out/>
  <testcase classname="testcases.ExecuteExceedFramwork" name="exceedTest" time="0.451"/>
  <system-out/>
  <testcase classname="testcases.ExecuteExceedFramwork" name="exceedTest" time="2.012"/>
  <system-out/>
  <testcase classname="testcases.ExecuteExceedFramwork" name="exceedTest" time="68.394"/>
  <system-out/>
  <testcase classname="testcases.ExecuteExceedFramwork" name="exceedTest" time="4.770"/>
  <system-out/>
  <testcase classname="testcases.ExecuteExceedFramwork" name="exceedTest" time="6.053">
    <failure message="expected [Parameshwarappa M R] but found []" type="java.lang.AssertionError">
      <![CDATA[java.lang.AssertionError: expected [Parameshwarappa M R] but found []
at org.testng.Assert.fail(Assert.java:97)
at org.testng.Assert.assertEqualsImpl(Assert.java:136)
at org.testng.Assert.assertEquals(Assert.java:118)
at org.testng.Assert.assertEquals(Assert.java:575)
at org.testng.Assert.assertEquals(Assert.java:585)
at operations.Uioperations.perform(Uioperations.java:278)
at testcases.ExecuteExceedFramwork.exceedTest(ExecuteExceedFramwork.java:212)
at java.base/jdk.internal.reflect.NativeMethodAccessorImpl.invoke0(Native Method)
at java.base/jdk.internal.reflect.NativeMethodAccessorImpl.invoke(NativeMethodAccessorImpl.java:64)
at java.base/jdk.internal.reflect.DelegatingMethodAccessorImpl.invoke(DelegatingMethodAccessorImpl.java:43)
at java.base/java.lang.reflect.Method.invoke(Method.java:564)
at org.testng.internal.MethodInvocationHelper.invokeMethod(MethodInvocationHelper.java:134)
at org.testng.internal.TestInvoker.invokeMethod(TestInvoker.java:597)
at org.testng.internal.TestInvoker.invokeTestMethod(TestInvoker.java:173)
at org.testng.internal.MethodRunner.runInSequence(MethodRunner.java:46)
at org.testng.internal.TestInvoker$MethodInvocationAgent.invoke(TestInvoker.java:816)
at org.testng.internal.TestInvoker.invokeTestMethods(TestInvoker.java:146)
at org.testng.internal.TestMethodWorker.invokeTestMethods(TestMethodWorker.java:146)
at org.testng.internal.TestMethodWorker.run(TestMethodWorker.java:128)
at java.base/java.util.ArrayList.forEach(ArrayList.java:1511)
at org.testng.TestRunner.privateRun(TestRunner.java:766)
at org.testng.TestRunner.run(TestRunner.java:587)
at org.testng.SuiteRunner.runTest(SuiteRunner.java:384)
at org.testng.SuiteRunner.runSequentially(SuiteRunner.java:378)
at org.testng.SuiteRunner.privateRun(SuiteRunner.java:337)
at org.testng.SuiteRunner.run(SuiteRunner.java:286)
at org.testng.SuiteRunnerWorker.runSuite(SuiteRunnerWorker.java:53)
at org.testng.SuiteRunnerWorker.run(SuiteRunnerWorker.java:96)
at org.testng.TestNG.runSuitesSequentially(TestNG.java:1187)
at org.testng.TestNG.runSuitesLocally(TestNG.java:1109)
at org.testng.TestNG.runSuites(TestNG.java:1039)
at org.testng.TestNG.run(TestNG.java:1007)
at org.apache.maven.surefire.testng.TestNGExecutor.run(TestNGExecutor.java:283)
at org.apache.maven.surefire.testng.TestNGXmlTestSuite.execute(TestNGXmlTestSuite.java:75)
at org.apache.maven.surefire.testng.TestNGProvider.invoke(TestNGProvider.java:120)
at org.apache.maven.surefire.booter.ForkedBooter.runSuitesInProcess(ForkedBooter.java:377)
at org.apache.maven.surefire.booter.ForkedBooter.execute(ForkedBooter.java:138)
at org.apache.maven.surefire.booter.ForkedBooter.run(ForkedBooter.java:465)
at org.apache.maven.surefire.booter.ForkedBooter.main(ForkedBooter.java:451)
]]>
    </failure>
  </testcase> <!-- exceedTest -->
  <system-out/>
  <testcase classname="testcases.ExecuteExceedFramwork" name="exceedTest" time="0.220"/>
  <system-out/>
  <testcase classname="testcases.ExecuteExceedFramwork" name="exceedTest" time="2.024"/>
  <system-out/>
</testsuite> <!-- testcases.ExecuteExceedFramwork -->
